<?xml version="1.0" encoding="UTF-8"?>
<testsuite name="is.ru.stringcalculator.CalculatorTest" tests="4" skipped="0" failures="0" errors="0" timestamp="2017-10-13T14:07:34" hostname="SurfaceBook" time="0.003">
  <properties/>
  <testcase name="testAddNumbers" classname="is.ru.stringcalculator.CalculatorTest" time="0.002"/>
  <testcase name="testAddMoreNumbers" classname="is.ru.stringcalculator.CalculatorTest" time="0.0"/>
  <testcase name="testEmptyString" classname="is.ru.stringcalculator.CalculatorTest" time="0.0"/>
  <testcase name="testOneNumber" classname="is.ru.stringcalculator.CalculatorTest" time="0.0"/>
  <system-out><![CDATA[]]></system-out>
  <system-err><![CDATA[]]></system-err>
</testsuite>
